<?xml version="1.0" encoding="UTF-8"?>
<!-- Generated by org.testng.reporters.JUnitXMLReporter -->
<testsuite ignored="0" hostname="DESKTOP-D86A9DN" failures="0" tests="3" name="Default test" time="3.471" errors="0" timestamp="2026-05-27T23:15:16 IST">
  <testcase classname="icp.PutAndPatch" name="deleteRequest" time="1.505"/>
  <testcase classname="icp.PutAndPatch" name="patchRequest" time="0.651"/>
  <testcase classname="icp.PutAndPatch" name="putRequest" time="1.224"/>
</testsuite> <!-- Default test -->
