<?xml version="1.0" encoding="UTF-8"?>
<!-- Generated by org.testng.reporters.JUnitXMLReporter -->
<testsuite ignored="3" hostname="DESKTOP-D86A9DN" failures="0" tests="0" time="0.008" errors="0" timestamp="2026-05-28T00:06:13 IST">
  <testcase classname="icp.PutAndPatch" name="deleteRequest" time="0.0">
    <ignored/>
  </testcase> <!-- deleteRequest -->
  <testcase classname="icp.PutAndPatch" name="putRequest" time="0.0">
    <ignored/>
  </testcase> <!-- putRequest -->
  <testcase classname="icp.PutAndPatch" name="patchRequest" time="0.0">
    <ignored/>
  </testcase> <!-- patchRequest -->
</testsuite>
