<?xml version="1.0" encoding="UTF-8"?>
<testsuite xmlns:xsi="http://www.w3.org/2001/XMLSchema-instance" xsi:noNamespaceSchemaLocation="https://maven.apache.org/surefire/maven-surefire-plugin/xsd/surefire-test-report-3.0.xsd" version="3.0" name="TestSuite" time="8.398" tests="7" errors="0" skipped="0" failures="0">
  <properties>
[...]
</properties>
  <testcase name="getRequest" classname="icp.GetAndPost" time="3.234">
    <system-out><![CDATA[Email: michael.lawson@reqres.in
getRequest completed successfully.
]]></system-out>
    <system-err><![CDATA[SLF4J: Failed to load class "org.slf4j.impl.StaticLoggerBinder".
SLF4J: Defaulting to no-operation (NOP) logger implementation
SLF4J: See http://www.slf4j.org/codes.html#StaticLoggerBinder for further details.
]]></system-err>
  </testcase>
  <testcase name="postRequest" classname="icp.GetAndPost" time="0.365">
    <system-out><![CDATA[Status Code: 201
Response: John Doe
postRequest completed successfully.
]]></system-out>
  </testcase>
  <testcase name="getCaptchId" classname="icp.Login" time="0.153">
    <system-out><![CDATA[Captcha Value: TUDITM
]]></system-out>
  </testcase>
  <testcase name="login" classname="icp.Login" time="2.958">
    <system-out><![CDATA[Toast Message: Login successful.
Login successful with captcha: XNPLLN
]]></system-out>
    <system-err><![CDATA[May 28, 2026 8:55:48 AM org.openqa.selenium.devtools.CdpVersionFinder findNearestMatch
WARNING: Unable to find CDP implementation matching 148
May 28, 2026 8:55:48 AM org.openqa.selenium.chromium.ChromiumDriver lambda$new$5
WARNING: Unable to find version of CDP to use for 148.0.7778.179. You may need to include a dependency on a specific version of the CDP using something similar to `org.seleniumhq.selenium:selenium-devtools-v86:4.21.0` where the version ("v86") matches the version of the chromium-based browser you're using and the version number of the artifact is the same as Selenium's.
]]></system-err>
  </testcase>
  <testcase name="deleteRequest" classname="icp.PutAndPatch" time="0.321">
    <system-out><![CDATA[deleteRequest completed successfully.
]]></system-out>
  </testcase>
  <testcase name="patchRequest" classname="icp.PutAndPatch" time="0.34">
    <system-out><![CDATA[Response: John Lennon
patchRequest completed successfully.
]]></system-out>
  </testcase>
  <testcase name="putRequest" classname="icp.PutAndPatch" time="0.329">
    <system-out><![CDATA[Response: John Doe
putRequest completed successfully.
]]></system-out>
  </testcase>
</testsuite>