<?xml version="1.0" encoding="UTF-8"?>
<testng-results ignored="0" total="7" passed="7" failed="0" skipped="0">
  <reporter-output>
  </reporter-output>
  <suite started-at="2026-05-28T08:55:42 IST" name="AutomationSuite" finished-at="2026-05-28T08:55:50 IST" duration-ms="7758">
    <groups>
    </groups>
    <test started-at="2026-05-28T08:55:42 IST" name="API Tests" finished-at="2026-05-28T08:55:50 IST" duration-ms="7758">
      <class name="icp.Login">
        <test-method signature="getCaptchId()[pri:0, instance:icp.Login@6eda5c9]" started-at="2026-05-28T08:55:46 IST" name="getCaptchId" finished-at="2026-05-28T08:55:46 IST" duration-ms="150" status="PASS">
          <reporter-output>
          </reporter-output>
        </test-method> <!-- getCaptchId -->
        <test-method signature="login()[pri:0, instance:icp.Login@6eda5c9]" started-at="2026-05-28T08:55:46 IST" name="login" finished-at="2026-05-28T08:55:49 IST" duration-ms="2960" status="PASS">
          <reporter-output>
          </reporter-output>
        </test-method> <!-- login -->
      </class> <!-- icp.Login -->
      <class name="icp.GetAndPost">
        <test-method signature="getRequest()[pri:0, instance:icp.GetAndPost@1ea9f6af]" started-at="2026-05-28T08:55:42 IST" name="getRequest" finished-at="2026-05-28T08:55:46 IST" duration-ms="3230" status="PASS">
          <reporter-output>
          </reporter-output>
        </test-method> <!-- getRequest -->
        <test-method signature="postRequest()[pri:0, instance:icp.GetAndPost@1ea9f6af]" started-at="2026-05-28T08:55:46 IST" name="postRequest" finished-at="2026-05-28T08:55:46 IST" duration-ms="365" status="PASS">
          <reporter-output>
          </reporter-output>
        </test-method> <!-- postRequest -->
      </class> <!-- icp.GetAndPost -->
      <class name="icp.PutAndPatch">
        <test-method signature="deleteRequest()[pri:0, instance:icp.PutAndPatch@55b7a4e0]" started-at="2026-05-28T08:55:49 IST" name="deleteRequest" finished-at="2026-05-28T08:55:49 IST" duration-ms="319" status="PASS">
          <reporter-output>
          </reporter-output>
        </test-method> <!-- deleteRequest -->
        <test-method signature="patchRequest()[pri:0, instance:icp.PutAndPatch@55b7a4e0]" started-at="2026-05-28T08:55:49 IST" name="patchRequest" finished-at="2026-05-28T08:55:50 IST" duration-ms="339" status="PASS">
          <reporter-output>
          </reporter-output>
        </test-method> <!-- patchRequest -->
        <test-method signature="putRequest()[pri:0, instance:icp.PutAndPatch@55b7a4e0]" started-at="2026-05-28T08:55:50 IST" name="putRequest" finished-at="2026-05-28T08:55:50 IST" duration-ms="328" status="PASS">
          <reporter-output>
          </reporter-output>
        </test-method> <!-- putRequest -->
      </class> <!-- icp.PutAndPatch -->
    </test> <!-- API Tests -->
  </suite> <!-- AutomationSuite -->
</testng-results>
