<?xml version="1.0" encoding="UTF-8"?>
<!-- Generated by org.testng.reporters.JUnitXMLReporter -->
<testsuite ignored="0" hostname="DESKTOP-D86A9DN" failures="0" tests="7" name="API Tests" time="7.758" errors="0" timestamp="2026-05-28T08:55:50 IST">
  <testcase classname="icp.GetAndPost" name="getRequest" time="3.23"/>
  <testcase classname="icp.GetAndPost" name="postRequest" time="0.365"/>
  <testcase classname="icp.Login" name="getCaptchId" time="0.15"/>
  <testcase classname="icp.Login" name="login" time="2.96"/>
  <testcase classname="icp.PutAndPatch" name="deleteRequest" time="0.319"/>
  <testcase classname="icp.PutAndPatch" name="patchRequest" time="0.339"/>
  <testcase classname="icp.PutAndPatch" name="putRequest" time="0.328"/>
</testsuite> <!-- API Tests -->
