<?xml version="1.0" encoding="UTF-8"?>
<testng-results ignored="0" total="3" passed="3" failed="0" skipped="0">
  <reporter-output>
  </reporter-output>
  <suite started-at="2026-05-27T23:15:13 IST" name="Default suite" finished-at="2026-05-27T23:15:16 IST" duration-ms="3471">
    <groups>
    </groups>
    <test started-at="2026-05-27T23:15:13 IST" name="Default test" finished-at="2026-05-27T23:15:16 IST" duration-ms="3471">
      <class name="icp.PutAndPatch">
        <test-method signature="deleteRequest()[pri:0, instance:icp.PutAndPatch@83298d7]" started-at="2026-05-27T23:15:13 IST" name="deleteRequest" finished-at="2026-05-27T23:15:14 IST" duration-ms="1505" status="PASS">
          <reporter-output>
          </reporter-output>
        </test-method> <!-- deleteRequest -->
        <test-method signature="patchRequest()[pri:0, instance:icp.PutAndPatch@83298d7]" started-at="2026-05-27T23:15:14 IST" name="patchRequest" finished-at="2026-05-27T23:15:15 IST" duration-ms="651" status="PASS">
          <reporter-output>
          </reporter-output>
        </test-method> <!-- patchRequest -->
        <test-method signature="putRequest()[pri:0, instance:icp.PutAndPatch@83298d7]" started-at="2026-05-27T23:15:15 IST" name="putRequest" finished-at="2026-05-27T23:15:16 IST" duration-ms="1224" status="PASS">
          <reporter-output>
          </reporter-output>
        </test-method> <!-- putRequest -->
      </class> <!-- icp.PutAndPatch -->
    </test> <!-- Default test -->
  </suite> <!-- Default suite -->
</testng-results>
