<?xml version="1.0" encoding="UTF-8"?>
<!-- Generated by org.testng.reporters.JUnitReportReporter -->
<testsuite hostname="DESKTOP-D86A9DN" failures="0" tests="3" name="icp.PutAndPatch" time="3.380" errors="0" timestamp="2026-05-27T23:15:16 IST" skipped="0">
  <testcase classname="icp.PutAndPatch" name="putRequest" time="1.224"/>
  <testcase classname="icp.PutAndPatch" name="deleteRequest" time="1.505"/>
  <testcase classname="icp.PutAndPatch" name="patchRequest" time="0.651"/>
</testsuite> <!-- icp.PutAndPatch -->
