<?xml version="1.0" encoding="UTF-8"?>
<!-- Generated by org.testng.reporters.JUnitReportReporter -->
<testsuite hostname="DESKTOP-D86A9DN" failures="0" tests="3" name="icp.PutAndPatch" time="0.986" errors="0" timestamp="2026-05-28T08:55:50 IST" skipped="0">
  <testcase classname="icp.PutAndPatch" name="deleteRequest" time="0.319"/>
  <testcase classname="icp.PutAndPatch" name="putRequest" time="0.328"/>
  <testcase classname="icp.PutAndPatch" name="patchRequest" time="0.339"/>
</testsuite> <!-- icp.PutAndPatch -->
